# JRE version: OpenJDK Runtime Environment Corretto-11.0.26.4.1 (11.0.26+4) (build 11.0.26+4-LTS)
# Java VM: OpenJDK 64-Bit Server VM Corretto-11.0.26.4.1 (11.0.26+4-LTS, mixed mode, tiered, compressed oops, g1 gc, windows-amd64)
Heap:
 garbage-first heap   total 155648K, used 79551K [0x0000000082400000, 0x0000000100000000)
  region size 1024K, 52 young (53248K), 8 survivors (8192K)
 Metaspace       used 36722K, capacity 38250K, committed 38400K, reserved 1083392K
  class space    used 3907K, capacity 4555K, committed 4608K, reserved 1048576K
GC Heap History (16 events):
Event: 1.054 GC heap before
{Heap before GC invocations=0 (full 0):
 garbage-first heap   total 129024K, used 15360K [0x0000000082400000, 0x0000000100000000)
  region size 1024K, 14 young (14336K), 0 survivors (0K)
 Metaspace       used 10104K, capacity 10340K, committed 10496K, reserved 1058816K
  class space    used 934K, capacity 1022K, committed 1024K, reserved 1048576K
}
Event: 1.062 GC heap after
{Heap after GC invocations=1 (full 0):
 garbage-first heap   total 129024K, used 4038K [0x0000000082400000, 0x0000000100000000)
  region size 1024K, 2 young (2048K), 2 survivors (2048K)
 Metaspace       used 10104K, capacity 10340K, committed 10496K, reserved 1058816K
  class space    used 934K, capacity 1022K, committed 1024K, reserved 1048576K
}
Event: 3.022 GC heap before
{Heap before GC invocations=1 (full 0):
 garbage-first heap   total 129024K, used 78790K [0x0000000082400000, 0x0000000100000000)
  region size 1024K, 75 young (76800K), 2 survivors (2048K)
 Metaspace       used 18273K, capacity 18563K, committed 18816K, reserved 1067008K
  class space    used 1672K, capacity 1802K, committed 1920K, reserved 1048576K
}
Event: 3.046 GC heap after
{Heap after GC invocations=2 (full 0):
 garbage-first heap   total 129024K, used 16170K [0x0000000082400000, 0x0000000100000000)
  region size 1024K, 10 young (10240K), 10 survivors (10240K)
 Metaspace       used 18273K, capacity 18563K, committed 18816K, reserved 1067008K
  class space    used 1672K, capacity 1802K, committed 1920K, reserved 1048576K
}
Event: 3.162 GC heap before
{Heap before GC invocations=2 (full 0):
 garbage-first heap   total 129024K, used 22314K [0x0000000082400000, 0x0000000100000000)
  region size 1024K, 16 young (16384K), 10 survivors (10240K)
 Metaspace       used 18551K, capacity 18819K, committed 19072K, reserved 1067008K
  class space    used 1692K, capacity 1802K, committed 1920K, reserved 1048576K
}
Event: 3.179 GC heap after
{Heap after GC invocations=3 (full 0):
 garbage-first heap   total 129024K, used 18119K [0x0000000082400000, 0x0000000100000000)
  region size 1024K, 2 young (2048K), 2 survivors (2048K)
 Metaspace       used 18551K, capacity 18819K, committed 19072K, reserved 1067008K
  class space    used 1692K, capacity 1802K, committed 1920K, reserved 1048576K
}
Event: 3.543 GC heap before
{Heap before GC invocations=3 (full 0):
 garbage-first heap   total 129024K, used 44743K [0x0000000082400000, 0x0000000100000000)
  region size 1024K, 28 young (28672K), 2 survivors (2048K)
 Metaspace       used 20186K, capacity 20466K, committed 20608K, reserved 1069056K
  class space    used 1821K, capacity 1903K, committed 1920K, reserved 1048576K
}
Event: 3.548 GC heap after
{Heap after GC invocations=4 (full 0):
 garbage-first heap   total 129024K, used 19249K [0x0000000082400000, 0x0000000100000000)
  region size 1024K, 3 young (3072K), 3 survivors (3072K)
 Metaspace       used 20186K, capacity 20466K, committed 20608K, reserved 1069056K
  class space    used 1821K, capacity 1903K, committed 1920K, reserved 1048576K
}
Event: 3.765 GC heap before
{Heap before GC invocations=4 (full 0):
 garbage-first heap   total 129024K, used 35633K [0x0000000082400000, 0x0000000100000000)
  region size 1024K, 20 young (20480K), 3 survivors (3072K)
 Metaspace       used 20896K, capacity 21139K, committed 21248K, reserved 1069056K
  class space    used 1902K, capacity 1999K, committed 2048K, reserved 1048576K
}
Event: 3.770 GC heap after
{Heap after GC invocations=5 (full 0):
 garbage-first heap   total 129024K, used 19978K [0x0000000082400000, 0x0000000100000000)
  region size 1024K, 4 young (4096K), 4 survivors (4096K)
 Metaspace       used 20896K, capacity 21139K, committed 21248K, reserved 1069056K
  class space    used 1902K, capacity 1999K, committed 2048K, reserved 1048576K
}
Event: 4.525 GC heap before
{Heap before GC invocations=6 (full 0):
 garbage-first heap   total 129024K, used 64010K [0x0000000082400000, 0x0000000100000000)
  region size 1024K, 47 young (48128K), 4 survivors (4096K)
 Metaspace       used 23165K, capacity 23647K, committed 23680K, reserved 1071104K
  class space    used 2211K, capacity 2416K, committed 2432K, reserved 1048576K
}
Event: 4.536 GC heap after
{Heap after GC invocations=7 (full 0):
 garbage-first heap   total 129024K, used 22942K [0x0000000082400000, 0x0000000100000000)
  region size 1024K, 6 young (6144K), 6 survivors (6144K)
 Metaspace       used 23165K, capacity 23647K, committed 23680K, reserved 1071104K
  class space    used 2211K, capacity 2416K, committed 2432K, reserved 1048576K
}
Event: 5.816 GC heap before
{Heap before GC invocations=7 (full 0):
 garbage-first heap   total 129024K, used 70046K [0x0000000082400000, 0x0000000100000000)
  region size 1024K, 52 young (53248K), 6 survivors (6144K)
 Metaspace       used 29100K, capacity 30033K, committed 30336K, reserved 1077248K
  class space    used 2985K, capacity 3371K, committed 3456K, reserved 1048576K
}
Event: 5.836 GC heap after
{Heap after GC invocations=8 (full 0):
 garbage-first heap   total 155648K, used 27371K [0x0000000082400000, 0x0000000100000000)
  region size 1024K, 7 young (7168K), 7 survivors (7168K)
 Metaspace       used 29100K, capacity 30033K, committed 30336K, reserved 1077248K
  class space    used 2985K, capacity 3371K, committed 3456K, reserved 1048576K
}
Event: 9.252 GC heap before
{Heap before GC invocations=8 (full 0):
 garbage-first heap   total 155648K, used 83691K [0x0000000082400000, 0x0000000100000000)
  region size 1024K, 63 young (64512K), 7 survivors (7168K)
 Metaspace       used 34487K, capacity 35792K, committed 35840K, reserved 1081344K
  class space    used 3644K, capacity 4189K, committed 4224K, reserved 1048576K
}
Event: 9.281 GC heap after
{Heap after GC invocations=9 (full 0):
 garbage-first heap   total 155648K, used 35519K [0x0000000082400000, 0x0000000100000000)
  region size 1024K, 8 young (8192K), 8 survivors (8192K)
 Metaspace       used 34487K, capacity 35792K, committed 35840K, reserved 1081344K
  class space    used 3644K, capacity 4189K, committed 4224K, reserved 1048576K
}

