# JRE version: OpenJDK Runtime Environment Corretto-11.0.26.4.1 (11.0.26+4) (build 11.0.26+4-LTS)
# Java VM: OpenJDK 64-Bit Server VM Corretto-11.0.26.4.1 (11.0.26+4-LTS, mixed mode, tiered, compressed oops, g1 gc, windows-amd64)
Heap:
 garbage-first heap   total 155648K, used 39796K [0x0000000082400000, 0x0000000100000000)
  region size 1024K, 16 young (16384K), 7 survivors (7168K)
 Metaspace       used 32926K, capacity 34284K, committed 34560K, reserved 1079296K
  class space    used 3492K, capacity 4050K, committed 4096K, reserved 1048576K
GC Heap History (14 events):
Event: 0.939 GC heap before
{Heap before GC invocations=0 (full 0):
 garbage-first heap   total 129024K, used 15360K [0x0000000082400000, 0x0000000100000000)
  region size 1024K, 14 young (14336K), 0 survivors (0K)
 Metaspace       used 10086K, capacity 10336K, committed 10496K, reserved 1058816K
  class space    used 932K, capacity 1022K, committed 1024K, reserved 1048576K
}
Event: 0.944 GC heap after
{Heap after GC invocations=1 (full 0):
 garbage-first heap   total 129024K, used 4063K [0x0000000082400000, 0x0000000100000000)
  region size 1024K, 2 young (2048K), 2 survivors (2048K)
 Metaspace       used 10086K, capacity 10336K, committed 10496K, reserved 1058816K
  class space    used 932K, capacity 1022K, committed 1024K, reserved 1048576K
}
Event: 1.221 GC heap before
{Heap before GC invocations=1 (full 0):
 garbage-first heap   total 129024K, used 14303K [0x0000000082400000, 0x0000000100000000)
  region size 1024K, 12 young (12288K), 2 survivors (2048K)
 Metaspace       used 12137K, capacity 12324K, committed 12544K, reserved 1060864K
  class space    used 1142K, capacity 1215K, committed 1280K, reserved 1048576K
}
Event: 1.225 GC heap after
{Heap after GC invocations=2 (full 0):
 garbage-first heap   total 129024K, used 4633K [0x0000000082400000, 0x0000000100000000)
  region size 1024K, 1 young (1024K), 1 survivors (1024K)
 Metaspace       used 12137K, capacity 12324K, committed 12544K, reserved 1060864K
  class space    used 1142K, capacity 1215K, committed 1280K, reserved 1048576K
}
Event: 2.486 GC heap before
{Heap before GC invocations=2 (full 0):
 garbage-first heap   total 129024K, used 35353K [0x0000000082400000, 0x0000000100000000)
  region size 1024K, 31 young (31744K), 1 survivors (1024K)
 Metaspace       used 17409K, capacity 17631K, committed 17920K, reserved 1064960K
  class space    used 1620K, capacity 1706K, committed 1792K, reserved 1048576K
}
Event: 2.495 GC heap after
{Heap after GC invocations=3 (full 0):
 garbage-first heap   total 129024K, used 9738K [0x0000000082400000, 0x0000000100000000)
  region size 1024K, 4 young (4096K), 4 survivors (4096K)
 Metaspace       used 17409K, capacity 17631K, committed 17920K, reserved 1064960K
  class space    used 1620K, capacity 1706K, committed 1792K, reserved 1048576K
}
Event: 3.120 GC heap before
{Heap before GC invocations=3 (full 0):
 garbage-first heap   total 129024K, used 58890K [0x0000000082400000, 0x0000000100000000)
  region size 1024K, 52 young (53248K), 4 survivors (4096K)
 Metaspace       used 18958K, capacity 19232K, committed 19328K, reserved 1067008K
  class space    used 1726K, capacity 1834K, committed 1920K, reserved 1048576K
}
Event: 3.139 GC heap after
{Heap after GC invocations=4 (full 0):
 garbage-first heap   total 129024K, used 17313K [0x0000000082400000, 0x0000000100000000)
  region size 1024K, 7 young (7168K), 7 survivors (7168K)
 Metaspace       used 18958K, capacity 19232K, committed 19328K, reserved 1067008K
  class space    used 1726K, capacity 1834K, committed 1920K, reserved 1048576K
}
Event: 3.634 GC heap before
{Heap before GC invocations=4 (full 0):
 garbage-first heap   total 129024K, used 54177K [0x0000000082400000, 0x0000000100000000)
  region size 1024K, 44 young (45056K), 7 survivors (7168K)
 Metaspace       used 20945K, capacity 21199K, committed 21248K, reserved 1069056K
  class space    used 1911K, capacity 1999K, committed 2048K, reserved 1048576K
}
Event: 3.650 GC heap after
{Heap after GC invocations=5 (full 0):
 garbage-first heap   total 129024K, used 22153K [0x0000000082400000, 0x0000000100000000)
  region size 1024K, 5 young (5120K), 5 survivors (5120K)
 Metaspace       used 20945K, capacity 21199K, committed 21248K, reserved 1069056K
  class space    used 1911K, capacity 1999K, committed 2048K, reserved 1048576K
}
Event: 4.514 GC heap before
{Heap before GC invocations=6 (full 0):
 garbage-first heap   total 129024K, used 71305K [0x0000000082400000, 0x0000000100000000)
  region size 1024K, 53 young (54272K), 5 survivors (5120K)
 Metaspace       used 24393K, capacity 25027K, committed 25216K, reserved 1071104K
  class space    used 2382K, capacity 2653K, committed 2688K, reserved 1048576K
}
Event: 4.528 GC heap after
{Heap after GC invocations=7 (full 0):
 garbage-first heap   total 129024K, used 26305K [0x0000000082400000, 0x0000000100000000)
  region size 1024K, 4 young (4096K), 4 survivors (4096K)
 Metaspace       used 24393K, capacity 25027K, committed 25216K, reserved 1071104K
  class space    used 2382K, capacity 2653K, committed 2688K, reserved 1048576K
}
Event: 7.640 GC heap before
{Heap before GC invocations=7 (full 0):
 garbage-first heap   total 129024K, used 77505K [0x0000000082400000, 0x0000000100000000)
  region size 1024K, 54 young (55296K), 4 survivors (4096K)
 Metaspace       used 30964K, capacity 31970K, committed 32128K, reserved 1077248K
  class space    used 3209K, capacity 3591K, committed 3712K, reserved 1048576K
}
Event: 7.659 GC heap after
{Heap after GC invocations=8 (full 0):
 garbage-first heap   total 155648K, used 31604K [0x0000000082400000, 0x0000000100000000)
  region size 1024K, 7 young (7168K), 7 survivors (7168K)
 Metaspace       used 30964K, capacity 31970K, committed 32128K, reserved 1077248K
  class space    used 3209K, capacity 3591K, committed 3712K, reserved 1048576K
}

