# JRE version: OpenJDK Runtime Environment Corretto-11.0.26.4.1 (11.0.26+4) (build 11.0.26+4-LTS)
# Java VM: OpenJDK 64-Bit Server VM Corretto-11.0.26.4.1 (11.0.26+4-LTS, mixed mode, tiered, compressed oops, g1 gc, windows-amd64)
Heap:
 garbage-first heap   total 155648K, used 65932K [0x0000000082400000, 0x0000000100000000)
  region size 1024K, 37 young (37888K), 7 survivors (7168K)
 Metaspace       used 36120K, capacity 37601K, committed 37760K, reserved 1083392K
  class space    used 3856K, capacity 4449K, committed 4480K, reserved 1048576K
GC Heap History (14 events):
Event: 0.959 GC heap before
{Heap before GC invocations=0 (full 0):
 garbage-first heap   total 129024K, used 15360K [0x0000000082400000, 0x0000000100000000)
  region size 1024K, 14 young (14336K), 0 survivors (0K)
 Metaspace       used 10092K, capacity 10308K, committed 10496K, reserved 1058816K
  class space    used 930K, capacity 990K, committed 1024K, reserved 1048576K
}
Event: 0.970 GC heap after
{Heap after GC invocations=1 (full 0):
 garbage-first heap   total 129024K, used 4060K [0x0000000082400000, 0x0000000100000000)
  region size 1024K, 2 young (2048K), 2 survivors (2048K)
 Metaspace       used 10092K, capacity 10308K, committed 10496K, reserved 1058816K
  class space    used 930K, capacity 990K, committed 1024K, reserved 1048576K
}
Event: 3.300 GC heap before
{Heap before GC invocations=1 (full 0):
 garbage-first heap   total 129024K, used 78812K [0x0000000082400000, 0x0000000100000000)
  region size 1024K, 75 young (76800K), 2 survivors (2048K)
 Metaspace       used 18503K, capacity 18788K, committed 18944K, reserved 1067008K
  class space    used 1695K, capacity 1770K, committed 1792K, reserved 1048576K
}
Event: 3.320 GC heap after
{Heap after GC invocations=2 (full 0):
 garbage-first heap   total 129024K, used 15509K [0x0000000082400000, 0x0000000100000000)
  region size 1024K, 10 young (10240K), 10 survivors (10240K)
 Metaspace       used 18503K, capacity 18788K, committed 18944K, reserved 1067008K
  class space    used 1695K, capacity 1770K, committed 1792K, reserved 1048576K
}
Event: 3.622 GC heap before
{Heap before GC invocations=2 (full 0):
 garbage-first heap   total 129024K, used 35989K [0x0000000082400000, 0x0000000100000000)
  region size 1024K, 30 young (30720K), 10 survivors (10240K)
 Metaspace       used 19676K, capacity 19923K, committed 20096K, reserved 1067008K
  class space    used 1776K, capacity 1871K, committed 1920K, reserved 1048576K
}
Event: 3.641 GC heap after
{Heap after GC invocations=3 (full 0):
 garbage-first heap   total 129024K, used 19068K [0x0000000082400000, 0x0000000100000000)
  region size 1024K, 4 young (4096K), 4 survivors (4096K)
 Metaspace       used 19676K, capacity 19923K, committed 20096K, reserved 1067008K
  class space    used 1776K, capacity 1871K, committed 1920K, reserved 1048576K
}
Event: 4.044 GC heap before
{Heap before GC invocations=3 (full 0):
 garbage-first heap   total 129024K, used 46716K [0x0000000082400000, 0x0000000100000000)
  region size 1024K, 32 young (32768K), 4 survivors (4096K)
 Metaspace       used 20928K, capacity 21139K, committed 21248K, reserved 1069056K
  class space    used 1902K, capacity 1999K, committed 2048K, reserved 1048576K
}
Event: 4.052 GC heap after
{Heap after GC invocations=4 (full 0):
 garbage-first heap   total 129024K, used 20986K [0x0000000082400000, 0x0000000100000000)
  region size 1024K, 2 young (2048K), 2 survivors (2048K)
 Metaspace       used 20928K, capacity 21139K, committed 21248K, reserved 1069056K
  class space    used 1902K, capacity 1999K, committed 2048K, reserved 1048576K
}
Event: 5.112 GC heap before
{Heap before GC invocations=5 (full 0):
 garbage-first heap   total 129024K, used 72186K [0x0000000082400000, 0x0000000100000000)
  region size 1024K, 52 young (53248K), 2 survivors (2048K)
 Metaspace       used 24499K, capacity 25201K, committed 25344K, reserved 1071104K
  class space    used 2393K, capacity 2689K, committed 2816K, reserved 1048576K
}
Event: 5.121 GC heap after
{Heap after GC invocations=6 (full 0):
 garbage-first heap   total 129024K, used 24058K [0x0000000082400000, 0x0000000100000000)
  region size 1024K, 5 young (5120K), 5 survivors (5120K)
 Metaspace       used 24499K, capacity 25201K, committed 25344K, reserved 1071104K
  class space    used 2393K, capacity 2689K, committed 2816K, reserved 1048576K
}
Event: 7.253 GC heap before
{Heap before GC invocations=6 (full 0):
 garbage-first heap   total 129024K, used 77306K [0x0000000082400000, 0x0000000100000000)
  region size 1024K, 57 young (58368K), 5 survivors (5120K)
 Metaspace       used 31394K, capacity 32497K, committed 32768K, reserved 1079296K
  class space    used 3276K, capacity 3725K, committed 3840K, reserved 1048576K
}
Event: 7.271 GC heap after
{Heap after GC invocations=7 (full 0):
 garbage-first heap   total 155648K, used 29563K [0x0000000082400000, 0x0000000100000000)
  region size 1024K, 8 young (8192K), 8 survivors (8192K)
 Metaspace       used 31394K, capacity 32497K, committed 32768K, reserved 1079296K
  class space    used 3276K, capacity 3725K, committed 3840K, reserved 1048576K
}
Event: 9.851 GC heap before
{Heap before GC invocations=7 (full 0):
 garbage-first heap   total 155648K, used 66427K [0x0000000082400000, 0x0000000100000000)
  region size 1024K, 45 young (46080K), 8 survivors (8192K)
 Metaspace       used 34498K, capacity 35794K, committed 35840K, reserved 1081344K
  class space    used 3649K, capacity 4190K, committed 4224K, reserved 1048576K
}
Event: 9.876 GC heap after
{Heap after GC invocations=8 (full 0):
 garbage-first heap   total 155648K, used 36236K [0x0000000082400000, 0x0000000100000000)
  region size 1024K, 7 young (7168K), 7 survivors (7168K)
 Metaspace       used 34498K, capacity 35794K, committed 35840K, reserved 1081344K
  class space    used 3649K, capacity 4190K, committed 4224K, reserved 1048576K
}

