# JRE version: OpenJDK Runtime Environment Corretto-11.0.26.4.1 (11.0.26+4) (build 11.0.26+4-LTS)
# Java VM: OpenJDK 64-Bit Server VM Corretto-11.0.26.4.1 (11.0.26+4-LTS, mixed mode, tiered, compressed oops, g1 gc, windows-amd64)
Heap:
 garbage-first heap   total 155648K, used 28786K [0x0000000082400000, 0x0000000100000000)
  region size 1024K, 12 young (12288K), 6 survivors (6144K)
 Metaspace       used 24709K, capacity 25436K, committed 25600K, reserved 1073152K
  class space    used 2423K, capacity 2705K, committed 2816K, reserved 1048576K
GC Heap History (12 events):
Event: 0.866 GC heap before
{Heap before GC invocations=0 (full 0):
 garbage-first heap   total 129024K, used 15360K [0x0000000082400000, 0x0000000100000000)
  region size 1024K, 14 young (14336K), 0 survivors (0K)
 Metaspace       used 10098K, capacity 10336K, committed 10496K, reserved 1058816K
  class space    used 933K, capacity 1022K, committed 1024K, reserved 1048576K
}
Event: 0.871 GC heap after
{Heap after GC invocations=1 (full 0):
 garbage-first heap   total 129024K, used 4047K [0x0000000082400000, 0x0000000100000000)
  region size 1024K, 2 young (2048K), 2 survivors (2048K)
 Metaspace       used 10098K, capacity 10336K, committed 10496K, reserved 1058816K
  class space    used 933K, capacity 1022K, committed 1024K, reserved 1048576K
}
Event: 1.176 GC heap before
{Heap before GC invocations=1 (full 0):
 garbage-first heap   total 129024K, used 16335K [0x0000000082400000, 0x0000000100000000)
  region size 1024K, 14 young (14336K), 2 survivors (2048K)
 Metaspace       used 12722K, capacity 12932K, committed 13056K, reserved 1060864K
  class space    used 1173K, capacity 1247K, committed 1280K, reserved 1048576K
}
Event: 1.180 GC heap after
{Heap after GC invocations=2 (full 0):
 garbage-first heap   total 129024K, used 4721K [0x0000000082400000, 0x0000000100000000)
  region size 1024K, 1 young (1024K), 1 survivors (1024K)
 Metaspace       used 12722K, capacity 12932K, committed 13056K, reserved 1060864K
  class space    used 1173K, capacity 1247K, committed 1280K, reserved 1048576K
}
Event: 2.480 GC heap before
{Heap before GC invocations=2 (full 0):
 garbage-first heap   total 129024K, used 36465K [0x0000000082400000, 0x0000000100000000)
  region size 1024K, 32 young (32768K), 1 survivors (1024K)
 Metaspace       used 17632K, capacity 17887K, committed 17920K, reserved 1064960K
  class space    used 1634K, capacity 1770K, committed 1792K, reserved 1048576K
}
Event: 2.490 GC heap after
{Heap after GC invocations=3 (full 0):
 garbage-first heap   total 129024K, used 10062K [0x0000000082400000, 0x0000000100000000)
  region size 1024K, 4 young (4096K), 4 survivors (4096K)
 Metaspace       used 17632K, capacity 17887K, committed 17920K, reserved 1064960K
  class space    used 1634K, capacity 1770K, committed 1792K, reserved 1048576K
}
Event: 3.061 GC heap before
{Heap before GC invocations=3 (full 0):
 garbage-first heap   total 129024K, used 57166K [0x0000000082400000, 0x0000000100000000)
  region size 1024K, 50 young (51200K), 4 survivors (4096K)
 Metaspace       used 19068K, capacity 19392K, committed 19584K, reserved 1067008K
  class space    used 1735K, capacity 1866K, committed 1920K, reserved 1048576K
}
Event: 3.078 GC heap after
{Heap after GC invocations=4 (full 0):
 garbage-first heap   total 129024K, used 17405K [0x0000000082400000, 0x0000000100000000)
  region size 1024K, 7 young (7168K), 7 survivors (7168K)
 Metaspace       used 19068K, capacity 19392K, committed 19584K, reserved 1067008K
  class space    used 1735K, capacity 1866K, committed 1920K, reserved 1048576K
}
Event: 3.555 GC heap before
{Heap before GC invocations=4 (full 0):
 garbage-first heap   total 129024K, used 52221K [0x0000000082400000, 0x0000000100000000)
  region size 1024K, 42 young (43008K), 7 survivors (7168K)
 Metaspace       used 20960K, capacity 21199K, committed 21248K, reserved 1069056K
  class space    used 1906K, capacity 1999K, committed 2048K, reserved 1048576K
}
Event: 3.569 GC heap after
{Heap after GC invocations=5 (full 0):
 garbage-first heap   total 129024K, used 20709K [0x0000000082400000, 0x0000000100000000)
  region size 1024K, 3 young (3072K), 3 survivors (3072K)
 Metaspace       used 20960K, capacity 21199K, committed 21248K, reserved 1069056K
  class space    used 1906K, capacity 1999K, committed 2048K, reserved 1048576K
}
Event: 4.429 GC heap before
{Heap before GC invocations=6 (full 0):
 garbage-first heap   total 129024K, used 69861K [0x0000000082400000, 0x0000000100000000)
  region size 1024K, 51 young (52224K), 3 survivors (3072K)
 Metaspace       used 24329K, capacity 24987K, committed 25216K, reserved 1071104K
  class space    used 2369K, capacity 2639K, committed 2688K, reserved 1048576K
}
Event: 4.440 GC heap after
{Heap after GC invocations=7 (full 0):
 garbage-first heap   total 155648K, used 23666K [0x0000000082400000, 0x0000000100000000)
  region size 1024K, 6 young (6144K), 6 survivors (6144K)
 Metaspace       used 24329K, capacity 24987K, committed 25216K, reserved 1071104K
  class space    used 2369K, capacity 2639K, committed 2688K, reserved 1048576K
}

