# JRE version: OpenJDK Runtime Environment Corretto-11.0.26.4.1 (11.0.26+4) (build 11.0.26+4-LTS)
# Java VM: OpenJDK 64-Bit Server VM Corretto-11.0.26.4.1 (11.0.26+4-LTS, mixed mode, tiered, compressed oops, g1 gc, windows-amd64)
Heap:
 garbage-first heap   total 155648K, used 63127K [0x0000000082400000, 0x0000000100000000)
  region size 1024K, 34 young (34816K), 7 survivors (7168K)
 Metaspace       used 35967K, capacity 37423K, committed 37504K, reserved 1083392K
  class space    used 3841K, capacity 4436K, committed 4480K, reserved 1048576K
GC Heap History (16 events):
Event: 0.867 GC heap before
{Heap before GC invocations=0 (full 0):
 garbage-first heap   total 129024K, used 15360K [0x0000000082400000, 0x0000000100000000)
  region size 1024K, 14 young (14336K), 0 survivors (0K)
 Metaspace       used 10119K, capacity 10340K, committed 10496K, reserved 1058816K
  class space    used 933K, capacity 1022K, committed 1024K, reserved 1048576K
}
Event: 0.877 GC heap after
{Heap after GC invocations=1 (full 0):
 garbage-first heap   total 129024K, used 4041K [0x0000000082400000, 0x0000000100000000)
  region size 1024K, 2 young (2048K), 2 survivors (2048K)
 Metaspace       used 10119K, capacity 10340K, committed 10496K, reserved 1058816K
  class space    used 933K, capacity 1022K, committed 1024K, reserved 1048576K
}
Event: 2.892 GC heap before
{Heap before GC invocations=1 (full 0):
 garbage-first heap   total 129024K, used 78793K [0x0000000082400000, 0x0000000100000000)
  region size 1024K, 75 young (76800K), 2 survivors (2048K)
 Metaspace       used 18260K, capacity 18563K, committed 18816K, reserved 1067008K
  class space    used 1672K, capacity 1802K, committed 1920K, reserved 1048576K
}
Event: 2.913 GC heap after
{Heap after GC invocations=2 (full 0):
 garbage-first heap   total 129024K, used 16228K [0x0000000082400000, 0x0000000100000000)
  region size 1024K, 10 young (10240K), 10 survivors (10240K)
 Metaspace       used 18260K, capacity 18563K, committed 18816K, reserved 1067008K
  class space    used 1672K, capacity 1802K, committed 1920K, reserved 1048576K
}
Event: 3.151 GC heap before
{Heap before GC invocations=2 (full 0):
 garbage-first heap   total 129024K, used 33636K [0x0000000082400000, 0x0000000100000000)
  region size 1024K, 27 young (27648K), 10 survivors (10240K)
 Metaspace       used 19062K, capacity 19332K, committed 19584K, reserved 1067008K
  class space    used 1735K, capacity 1866K, committed 1920K, reserved 1048576K
}
Event: 3.170 GC heap after
{Heap after GC invocations=3 (full 0):
 garbage-first heap   total 129024K, used 18030K [0x0000000082400000, 0x0000000100000000)
  region size 1024K, 2 young (2048K), 2 survivors (2048K)
 Metaspace       used 19062K, capacity 19332K, committed 19584K, reserved 1067008K
  class space    used 1735K, capacity 1866K, committed 1920K, reserved 1048576K
}
Event: 3.592 GC heap before
{Heap before GC invocations=3 (full 0):
 garbage-first heap   total 129024K, used 49774K [0x0000000082400000, 0x0000000100000000)
  region size 1024K, 33 young (33792K), 2 survivors (2048K)
 Metaspace       used 20858K, capacity 21139K, committed 21248K, reserved 1069056K
  class space    used 1901K, capacity 1999K, committed 2048K, reserved 1048576K
}
Event: 3.599 GC heap after
{Heap after GC invocations=4 (full 0):
 garbage-first heap   total 129024K, used 20684K [0x0000000082400000, 0x0000000100000000)
  region size 1024K, 5 young (5120K), 5 survivors (5120K)
 Metaspace       used 20858K, capacity 21139K, committed 21248K, reserved 1069056K
  class space    used 1901K, capacity 1999K, committed 2048K, reserved 1048576K
}
Event: 3.613 GC heap before
{Heap before GC invocations=4 (full 0):
 garbage-first heap   total 129024K, used 21708K [0x0000000082400000, 0x0000000100000000)
  region size 1024K, 7 young (7168K), 5 survivors (5120K)
 Metaspace       used 20885K, capacity 21139K, committed 21248K, reserved 1069056K
  class space    used 1902K, capacity 1999K, committed 2048K, reserved 1048576K
}
Event: 3.620 GC heap after
{Heap after GC invocations=5 (full 0):
 garbage-first heap   total 129024K, used 21131K [0x0000000082400000, 0x0000000100000000)
  region size 1024K, 4 young (4096K), 4 survivors (4096K)
 Metaspace       used 20885K, capacity 21139K, committed 21248K, reserved 1069056K
  class space    used 1902K, capacity 1999K, committed 2048K, reserved 1048576K
}
Event: 4.430 GC heap before
{Heap before GC invocations=6 (full 0):
 garbage-first heap   total 129024K, used 68235K [0x0000000082400000, 0x0000000100000000)
  region size 1024K, 50 young (51200K), 4 survivors (4096K)
 Metaspace       used 23842K, capacity 24371K, committed 24576K, reserved 1071104K
  class space    used 2286K, capacity 2491K, committed 2560K, reserved 1048576K
}
Event: 4.442 GC heap after
{Heap after GC invocations=7 (full 0):
 garbage-first heap   total 155648K, used 23931K [0x0000000082400000, 0x0000000100000000)
  region size 1024K, 6 young (6144K), 6 survivors (6144K)
 Metaspace       used 23842K, capacity 24371K, committed 24576K, reserved 1071104K
  class space    used 2286K, capacity 2491K, committed 2560K, reserved 1048576K
}
Event: 8.824 GC heap before
{Heap before GC invocations=7 (full 0):
 garbage-first heap   total 155648K, used 85371K [0x0000000082400000, 0x0000000100000000)
  region size 1024K, 66 young (67584K), 6 survivors (6144K)
 Metaspace       used 31985K, capacity 33127K, committed 33280K, reserved 1079296K
  class space    used 3348K, capacity 3809K, committed 3840K, reserved 1048576K
}
Event: 8.844 GC heap after
{Heap after GC invocations=8 (full 0):
 garbage-first heap   total 155648K, used 29921K [0x0000000082400000, 0x0000000100000000)
  region size 1024K, 9 young (9216K), 9 survivors (9216K)
 Metaspace       used 31985K, capacity 33127K, committed 33280K, reserved 1079296K
  class space    used 3348K, capacity 3809K, committed 3840K, reserved 1048576K
}
Event: 11.131 GC heap before
{Heap before GC invocations=8 (full 0):
 garbage-first heap   total 155648K, used 65761K [0x0000000082400000, 0x0000000100000000)
  region size 1024K, 45 young (46080K), 9 survivors (9216K)
 Metaspace       used 34472K, capacity 35791K, committed 35840K, reserved 1081344K
  class space    used 3643K, capacity 4189K, committed 4224K, reserved 1048576K
}
Event: 11.159 GC heap after
{Heap after GC invocations=9 (full 0):
 garbage-first heap   total 155648K, used 36503K [0x0000000082400000, 0x0000000100000000)
  region size 1024K, 7 young (7168K), 7 survivors (7168K)
 Metaspace       used 34472K, capacity 35791K, committed 35840K, reserved 1081344K
  class space    used 3643K, capacity 4189K, committed 4224K, reserved 1048576K
}

