# JRE version: OpenJDK Runtime Environment Corretto-11.0.26.4.1 (11.0.26+4) (build 11.0.26+4-LTS)
# Java VM: OpenJDK 64-Bit Server VM Corretto-11.0.26.4.1 (11.0.26+4-LTS, mixed mode, tiered, compressed oops, g1 gc, windows-amd64)
Heap:
 garbage-first heap   total 155648K, used 52662K [0x0000000082400000, 0x0000000100000000)
  region size 1024K, 32 young (32768K), 8 survivors (8192K)
 Metaspace       used 34036K, capacity 35376K, committed 35456K, reserved 1081344K
  class space    used 3609K, capacity 4157K, committed 4224K, reserved 1048576K
GC Heap History (14 events):
Event: 0.784 GC heap before
{Heap before GC invocations=0 (full 0):
 garbage-first heap   total 129024K, used 15360K [0x0000000082400000, 0x0000000100000000)
  region size 1024K, 14 young (14336K), 0 survivors (0K)
 Metaspace       used 10096K, capacity 10340K, committed 10496K, reserved 1058816K
  class space    used 931K, capacity 1022K, committed 1024K, reserved 1048576K
}
Event: 0.791 GC heap after
{Heap after GC invocations=1 (full 0):
 garbage-first heap   total 129024K, used 4131K [0x0000000082400000, 0x0000000100000000)
  region size 1024K, 2 young (2048K), 2 survivors (2048K)
 Metaspace       used 10096K, capacity 10340K, committed 10496K, reserved 1058816K
  class space    used 931K, capacity 1022K, committed 1024K, reserved 1048576K
}
Event: 2.660 GC heap before
{Heap before GC invocations=1 (full 0):
 garbage-first heap   total 129024K, used 78883K [0x0000000082400000, 0x0000000100000000)
  region size 1024K, 75 young (76800K), 2 survivors (2048K)
 Metaspace       used 18237K, capacity 18500K, committed 18816K, reserved 1067008K
  class space    used 1671K, capacity 1802K, committed 1920K, reserved 1048576K
}
Event: 2.681 GC heap after
{Heap after GC invocations=2 (full 0):
 garbage-first heap   total 129024K, used 16252K [0x0000000082400000, 0x0000000100000000)
  region size 1024K, 10 young (10240K), 10 survivors (10240K)
 Metaspace       used 18237K, capacity 18500K, committed 18816K, reserved 1067008K
  class space    used 1671K, capacity 1802K, committed 1920K, reserved 1048576K
}
Event: 2.814 GC heap before
{Heap before GC invocations=2 (full 0):
 garbage-first heap   total 129024K, used 26492K [0x0000000082400000, 0x0000000100000000)
  region size 1024K, 20 young (20480K), 10 survivors (10240K)
 Metaspace       used 18730K, capacity 18980K, committed 19072K, reserved 1067008K
  class space    used 1707K, capacity 1834K, committed 1920K, reserved 1048576K
}
Event: 2.830 GC heap after
{Heap after GC invocations=3 (full 0):
 garbage-first heap   total 129024K, used 17440K [0x0000000082400000, 0x0000000100000000)
  region size 1024K, 2 young (2048K), 2 survivors (2048K)
 Metaspace       used 18730K, capacity 18980K, committed 19072K, reserved 1067008K
  class space    used 1707K, capacity 1834K, committed 1920K, reserved 1048576K
}
Event: 3.199 GC heap before
{Heap before GC invocations=3 (full 0):
 garbage-first heap   total 129024K, used 46112K [0x0000000082400000, 0x0000000100000000)
  region size 1024K, 30 young (30720K), 2 survivors (2048K)
 Metaspace       used 20391K, capacity 20691K, committed 20992K, reserved 1069056K
  class space    used 1832K, capacity 1935K, committed 2048K, reserved 1048576K
}
Event: 3.204 GC heap after
{Heap after GC invocations=4 (full 0):
 garbage-first heap   total 129024K, used 19349K [0x0000000082400000, 0x0000000100000000)
  region size 1024K, 4 young (4096K), 4 survivors (4096K)
 Metaspace       used 20391K, capacity 20691K, committed 20992K, reserved 1069056K
  class space    used 1832K, capacity 1935K, committed 2048K, reserved 1048576K
}
Event: 3.389 GC heap before
{Heap before GC invocations=4 (full 0):
 garbage-first heap   total 129024K, used 32661K [0x0000000082400000, 0x0000000100000000)
  region size 1024K, 18 young (18432K), 4 survivors (4096K)
 Metaspace       used 20885K, capacity 21139K, committed 21248K, reserved 1069056K
  class space    used 1901K, capacity 1999K, committed 2048K, reserved 1048576K
}
Event: 3.394 GC heap after
{Heap after GC invocations=5 (full 0):
 garbage-first heap   total 129024K, used 20396K [0x0000000082400000, 0x0000000100000000)
  region size 1024K, 4 young (4096K), 4 survivors (4096K)
 Metaspace       used 20885K, capacity 21139K, committed 21248K, reserved 1069056K
  class space    used 1901K, capacity 1999K, committed 2048K, reserved 1048576K
}
Event: 4.294 GC heap before
{Heap before GC invocations=6 (full 0):
 garbage-first heap   total 129024K, used 72620K [0x0000000082400000, 0x0000000100000000)
  region size 1024K, 55 young (56320K), 4 survivors (4096K)
 Metaspace       used 24562K, capacity 25244K, committed 25600K, reserved 1073152K
  class space    used 2408K, capacity 2704K, committed 2816K, reserved 1048576K
}
Event: 4.305 GC heap after
{Heap after GC invocations=7 (full 0):
 garbage-first heap   total 129024K, used 23663K [0x0000000082400000, 0x0000000100000000)
  region size 1024K, 7 young (7168K), 7 survivors (7168K)
 Metaspace       used 24562K, capacity 25244K, committed 25600K, reserved 1073152K
  class space    used 2408K, capacity 2704K, committed 2816K, reserved 1048576K
}
Event: 6.781 GC heap before
{Heap before GC invocations=7 (full 0):
 garbage-first heap   total 129024K, used 78959K [0x0000000082400000, 0x0000000100000000)
  region size 1024K, 61 young (62464K), 7 survivors (7168K)
 Metaspace       used 32613K, capacity 33847K, committed 33920K, reserved 1079296K
  class space    used 3437K, capacity 3922K, committed 3968K, reserved 1048576K
}
Event: 6.801 GC heap after
{Heap after GC invocations=8 (full 0):
 garbage-first heap   total 155648K, used 29110K [0x0000000082400000, 0x0000000100000000)
  region size 1024K, 8 young (8192K), 8 survivors (8192K)
 Metaspace       used 32613K, capacity 33847K, committed 33920K, reserved 1079296K
  class space    used 3437K, capacity 3922K, committed 3968K, reserved 1048576K
}

