# JRE version: OpenJDK Runtime Environment Corretto-11.0.26.4.1 (11.0.26+4) (build 11.0.26+4-LTS)
# Java VM: OpenJDK 64-Bit Server VM Corretto-11.0.26.4.1 (11.0.26+4-LTS, mixed mode, tiered, compressed oops, g1 gc, windows-amd64)
Heap:
 garbage-first heap   total 155648K, used 69632K [0x0000000082400000, 0x0000000100000000)
  region size 1024K, 40 young (40960K), 6 survivors (6144K)
 Metaspace       used 36422K, capacity 37891K, committed 38144K, reserved 1083392K
  class space    used 3883K, capacity 4524K, committed 4608K, reserved 1048576K
GC Heap History (16 events):
Event: 0.829 GC heap before
{Heap before GC invocations=0 (full 0):
 garbage-first heap   total 129024K, used 15360K [0x0000000082400000, 0x0000000100000000)
  region size 1024K, 14 young (14336K), 0 survivors (0K)
 Metaspace       used 10087K, capacity 10244K, committed 10496K, reserved 1058816K
  class space    used 930K, capacity 990K, committed 1024K, reserved 1048576K
}
Event: 0.834 GC heap after
{Heap after GC invocations=1 (full 0):
 garbage-first heap   total 129024K, used 4062K [0x0000000082400000, 0x0000000100000000)
  region size 1024K, 2 young (2048K), 2 survivors (2048K)
 Metaspace       used 10087K, capacity 10244K, committed 10496K, reserved 1058816K
  class space    used 930K, capacity 990K, committed 1024K, reserved 1048576K
}
Event: 1.156 GC heap before
{Heap before GC invocations=1 (full 0):
 garbage-first heap   total 129024K, used 16350K [0x0000000082400000, 0x0000000100000000)
  region size 1024K, 14 young (14336K), 2 survivors (2048K)
 Metaspace       used 12710K, capacity 12936K, committed 13056K, reserved 1060864K
  class space    used 1173K, capacity 1247K, committed 1280K, reserved 1048576K
}
Event: 1.160 GC heap after
{Heap after GC invocations=2 (full 0):
 garbage-first heap   total 129024K, used 4505K [0x0000000082400000, 0x0000000100000000)
  region size 1024K, 1 young (1024K), 1 survivors (1024K)
 Metaspace       used 12710K, capacity 12936K, committed 13056K, reserved 1060864K
  class space    used 1173K, capacity 1247K, committed 1280K, reserved 1048576K
}
Event: 2.424 GC heap before
{Heap before GC invocations=2 (full 0):
 garbage-first heap   total 129024K, used 36249K [0x0000000082400000, 0x0000000100000000)
  region size 1024K, 32 young (32768K), 1 survivors (1024K)
 Metaspace       used 17602K, capacity 17890K, committed 17920K, reserved 1064960K
  class space    used 1634K, capacity 1770K, committed 1792K, reserved 1048576K
}
Event: 2.434 GC heap after
{Heap after GC invocations=3 (full 0):
 garbage-first heap   total 129024K, used 10028K [0x0000000082400000, 0x0000000100000000)
  region size 1024K, 4 young (4096K), 4 survivors (4096K)
 Metaspace       used 17602K, capacity 17890K, committed 17920K, reserved 1064960K
  class space    used 1634K, capacity 1770K, committed 1792K, reserved 1048576K
}
Event: 2.998 GC heap before
{Heap before GC invocations=3 (full 0):
 garbage-first heap   total 129024K, used 57132K [0x0000000082400000, 0x0000000100000000)
  region size 1024K, 50 young (51200K), 4 survivors (4096K)
 Metaspace       used 19050K, capacity 19300K, committed 19584K, reserved 1067008K
  class space    used 1730K, capacity 1834K, committed 1920K, reserved 1048576K
}
Event: 3.014 GC heap after
{Heap after GC invocations=4 (full 0):
 garbage-first heap   total 129024K, used 17507K [0x0000000082400000, 0x0000000100000000)
  region size 1024K, 7 young (7168K), 7 survivors (7168K)
 Metaspace       used 19050K, capacity 19300K, committed 19584K, reserved 1067008K
  class space    used 1730K, capacity 1834K, committed 1920K, reserved 1048576K
}
Event: 3.477 GC heap before
{Heap before GC invocations=4 (full 0):
 garbage-first heap   total 129024K, used 52323K [0x0000000082400000, 0x0000000100000000)
  region size 1024K, 42 young (43008K), 7 survivors (7168K)
 Metaspace       used 20929K, capacity 21139K, committed 21248K, reserved 1069056K
  class space    used 1904K, capacity 1999K, committed 2048K, reserved 1048576K
}
Event: 3.490 GC heap after
{Heap after GC invocations=5 (full 0):
 garbage-first heap   total 129024K, used 20714K [0x0000000082400000, 0x0000000100000000)
  region size 1024K, 3 young (3072K), 3 survivors (3072K)
 Metaspace       used 20929K, capacity 21139K, committed 21248K, reserved 1069056K
  class space    used 1904K, capacity 1999K, committed 2048K, reserved 1048576K
}
Event: 4.376 GC heap before
{Heap before GC invocations=6 (full 0):
 garbage-first heap   total 129024K, used 69866K [0x0000000082400000, 0x0000000100000000)
  region size 1024K, 51 young (52224K), 3 survivors (3072K)
 Metaspace       used 24303K, capacity 24986K, committed 25216K, reserved 1071104K
  class space    used 2370K, capacity 2638K, committed 2688K, reserved 1048576K
}
Event: 4.386 GC heap after
{Heap after GC invocations=7 (full 0):
 garbage-first heap   total 155648K, used 23672K [0x0000000082400000, 0x0000000100000000)
  region size 1024K, 6 young (6144K), 6 survivors (6144K)
 Metaspace       used 24303K, capacity 24986K, committed 25216K, reserved 1071104K
  class space    used 2370K, capacity 2638K, committed 2688K, reserved 1048576K
}
Event: 7.558 GC heap before
{Heap before GC invocations=7 (full 0):
 garbage-first heap   total 155648K, used 84088K [0x0000000082400000, 0x0000000100000000)
  region size 1024K, 65 young (66560K), 6 survivors (6144K)
 Metaspace       used 32968K, capacity 34217K, committed 34304K, reserved 1079296K
  class space    used 3500K, capacity 4048K, committed 4096K, reserved 1048576K
}
Event: 7.576 GC heap after
{Heap after GC invocations=8 (full 0):
 garbage-first heap   total 155648K, used 29689K [0x0000000082400000, 0x0000000100000000)
  region size 1024K, 9 young (9216K), 9 survivors (9216K)
 Metaspace       used 32968K, capacity 34217K, committed 34304K, reserved 1079296K
  class space    used 3500K, capacity 4048K, committed 4096K, reserved 1048576K
}
Event: 8.265 GC heap before
{Heap before GC invocations=8 (full 0):
 garbage-first heap   total 155648K, used 61433K [0x0000000082400000, 0x0000000100000000)
  region size 1024K, 41 young (41984K), 9 survivors (9216K)
 Metaspace       used 34494K, capacity 35791K, committed 35840K, reserved 1081344K
  class space    used 3646K, capacity 4189K, committed 4224K, reserved 1048576K
}
Event: 8.291 GC heap after
{Heap after GC invocations=9 (full 0):
 garbage-first heap   total 155648K, used 35840K [0x0000000082400000, 0x0000000100000000)
  region size 1024K, 6 young (6144K), 6 survivors (6144K)
 Metaspace       used 34494K, capacity 35791K, committed 35840K, reserved 1081344K
  class space    used 3646K, capacity 4189K, committed 4224K, reserved 1048576K
}

